<?xml version="1.0" encoding="UTF-8"?>
<!-- Generated by org.testng.reporters.JUnitReportReporter -->
<testsuite hostname="INLEN8520055657" failures="0" tests="2" name="AnanayMahajan.tests.ErrorValidationsTest" time="17.590" errors="0" timestamp="2024-04-02T22:45:09 IST" skipped="0">
  <testcase classname="AnanayMahajan.tests.ErrorValidationsTest" name="ProductErrorValidation" time="10.338"/>
  <testcase classname="AnanayMahajan.tests.ErrorValidationsTest" name="LoginErrorValidation" time="7.252"/>
</testsuite> <!-- AnanayMahajan.tests.ErrorValidationsTest -->
